Exporter version: 5.6.3, Blender version: 2.79 (sub 0)
========= Conversion from Blender to Babylon.js =========
	Scene settings used :
		export scope        :  ALL
		inline textures     :  false
		Positions Precision :  4
		Normals Precision   :  3
		UVs Precision       :  3
		Vert Color Precision:  3
		Mat Weight Precision:  2
		texture directory   :  C:\projects-babylonjs\github.ts\BabylonJS-CharacterController\demo\player\
	Python World class constructor completed
	processing begun of skeleton:  Armature, id:  0
		processing begun of bone:  hip, index:  0
		processing begun of bone:  rThigh, index:  1
		processing begun of bone:  rShin, index:  2
		processing begun of bone:  rFoot, index:  3
		processing begun of bone:  abdomen, index:  4
		processing begun of bone:  chest, index:  5
		processing begun of bone:  neckDummy, index:  6
		processing begun of bone:  neck, index:  7
		processing begun of bone:  head, index:  8
		processing begun of bone:  figureHair, index:  9
		processing begun of bone:  rCollar, index:  10
		processing begun of bone:  rShldr, index:  11
		processing begun of bone:  rForeArm, index:  12
		processing begun of bone:  rHand, index:  13
		processing begun of bone:  lCollar, index:  14
		processing begun of bone:  lShldr, index:  15
		processing begun of bone:  lForeArm, index:  16
		processing begun of bone:  lHand, index:  17
		processing begun of bone:  lThigh, index:  18
		processing begun of bone:  lShin, index:  19
		processing begun of bone:  lFoot, index:  20
		processing action fall:  in[1 - 17], out[0 - 17]
		processing action idle:  in[0 - 45], out[30 - 75]
		processing action idleJump:  in[0 - 42], out[80 - 122]
		processing action idleJump.001:  in[0 - 1], out[130 - 131]
		processing action idleJump2:  in[0 - 1], out[140 - 141]
		processing action run:  in[0 - 21], out[150 - 171]
		processing action runJump:  in[0 - 32], out[180 - 212]
		processing action sit:  in[1 - 30], out[220 - 250]
		processing action slideBack:  in[1 - 5], out[260 - 265]
		processing action strafeLeft:  in[0 - 44], out[270 - 314]
		processing action strafeRight:  in[0 - 44], out[320 - 364]
		processing action turnLeft:  in[0 - 22], out[370 - 392]
		processing action turnRight:  in[0 - 22], out[400 - 422]
		processing action walk:  in[0 - 35], out[430 - 465]
		processing action walkBack:  in[0 - 26], out[470 - 496]
		processing action z:  in[0 - 1], out[510 - 511]
	processing begun of camera (UniversalCamera):  Camera
	processing begun of mesh:  Vincent
		processing begun of Standard material:  Vincent-material
			Diffuse texture found "Vincent-texture"
				Image texture found, type:  diffuseTexture, mapped using: "UVTex"
	WARNING: Error encountered processing image file:  , Error:  'C:\\projects-babylonjs\\github.ts\\BabylonJS-CharacterController\\demo\\player\\Vincent_texture_image.jpg' and 'C:\\projects-babylonjs\\github.ts\\BabylonJS-CharacterController\\demo\\player\\Vincent_texture_image.jpg' are the same file
		num positions      :  4874
		num normals        :  4874
		num uvs            :  9748
		num uvs2           :  0
		num colors         :  0
		num indices        :  21306
		Skeleton stats:  
			Total Influencers:  5683
			Avg # of influencers per vertex:  1.166
			Highest # of influencers observed:  2, num vertices with this:  809
			exported as 2 influencers
			num skeletonWeights and skeletonIndices:  19496
	processing begun of light (HEMI):  Hemi
	processing begun of light (POINT):  Lamp
========= Writing of scene file started =========
========= Writing of scene file completed =========
========= end of processing =========
elapsed time:  0 min, 4.9473 secs
